Alumno:TeixeiraGonzálezOmar-UO281847
TimeStamp: EII-L11-08/192.168.99.1 2021-09-17T14:11:59.325400900

Factoriales:
factorial(0): 1
factorial(20): 2432902008176640000
factorial(100): 0

Fibonacci:
fibonacci(0): 0
fibonacci(1): 1
fibonacci(5): 5
fibonacci(25): 75025

Potencias de 2 (Rec1):
pow2Rec1(0): 1
pow2Rec1(1): 2
pow2Rec1(5): 32
pow2Rec1(10): 1024
pow2Rec1(20): 1048576

Potencias:
potenciaRec(2,0): 1
potenciaRec(2,1): 2
potenciaRec(2,5): 32
potenciaRec(2,10): 1024
potenciaRec(2,20): 1048576

Restos:
restoDivRec(0,10): 0
restoDivRec(1,10): 1
restoDivRec(10,10): 0
restoDivRec(15,10): 5
restoDivRec(20,10): 0
restoDivRec(27,10): 7

Divisiones enteras:
divEntRec(0,10): 0
divEntRec(1,10): 0
divEntRec(10,10): 1
divEntRec(15,10): 1
divEntRec(103,10): 10
divEntRec(110,10): 11
